#Accuracy 0.9574574574574575
i,time,loss,ground_time,compile_time,eval_time
10,5.554613351821899,2.7206279881298543,0.01121468424797058,0.004107186794281007,0.008048936128616332
20,11.712088108062744,2.67634539604187,0.012523061037063594,0.004530344009399416,0.008898985385894774
30,17.687390565872192,2.430575928092003,0.011273829936981195,0.004511847496032718,0.009159708023071294
40,23.943768739700317,2.072080947831273,0.012889378070831303,0.00450859308242798,0.009033613204956053
50,30.248108863830566,1.9073792410083115,0.013166276216506961,0.004490430355072021,0.008999235630035404
60,36.13245749473572,1.6041076024062932,0.011163651943206787,0.004518558979034427,0.008911088705062865
70,42.578842639923096,1.5120235323905944,0.01361412644386292,0.004483792781829835,0.009081734418869019
80,48.52550792694092,1.3133365706307814,0.011222326755523681,0.0044994807243347165,0.009107133150100713
90,54.44969415664673,1.1421344115398824,0.011161615848541261,0.004529966115951538,0.009052886962890623
100,60.91288995742798,0.978945555887185,0.014106985330581672,0.004452395439147947,0.008866254091262826
110,66.8009307384491,0.949367146345321,0.011168825626373296,0.004502867460250854,0.008868120908737185
120,73.39642310142517,0.9839849069248885,0.014592765569686889,0.004482306241989139,0.009008259773254396
130,79.34498572349548,0.9928636368480511,0.011248177289962767,0.0044953358173370345,0.009075458049774167
140,85.25111246109009,0.8048189422814176,0.011168878078460695,0.004465212821960452,0.008966497182846069
150,91.15064024925232,0.7131362963700667,0.011100522279739383,0.004484395980834959,0.008988295793533321
160,97.91557431221008,0.7321007797087077,0.015430940389633167,0.004519202709197997,0.009004939794540411
170,103.83545017242432,0.7431810764945113,0.01119869589805603,0.004499692916870116,0.008985428810119628
180,109.75191736221313,0.7238221935695037,0.011182887554168706,0.004471837282180787,0.008945015668869016
190,115.63478589057922,0.7437143414979801,0.011146982908248903,0.00449794292449951,0.008849620819091793
200,122.66081404685974,0.7218533369770739,0.016328303813934318,0.004511623382568359,0.009199845790863031
210,128.5803484916687,0.6914799650898203,0.01120044589042664,0.0044912397861480696,0.008993300199508667
220,134.4988989830017,0.5337257196893915,0.011149084568023679,0.00449106454849243,0.008929635286331174
230,140.38401079177856,0.6489432087983005,0.011146748065948484,0.004490525722503665,0.008912744522094727
240,147.5271337032318,0.6647032691515051,0.017420856952667256,0.0044842970371246375,0.008899098634719849
250,153.5003650188446,0.6998347884917167,0.0113366413116455,0.004535675048828125,0.00901933193206787
260,159.38038778305054,0.5918877190561034,0.011201754808425907,0.004500722885131836,0.008735128641128543
270,165.31633305549622,0.5741636480554007,0.011224015951156616,0.004557065963745117,0.008975641727447515
280,171.2372419834137,0.525934281462105,0.011201137304306032,0.004550383090972899,0.00891052961349487
290,177.23309326171875,0.5761088099563494,0.01124760746955871,0.004587473869323728,0.009166195392608645
300,184.707843542099,0.5270681075111497,0.01878895759582519,0.004548922777175909,0.00907668471336365
310,190.66571259498596,0.44515692442364524,0.011268619298934936,0.004541759490966796,0.009076259136199952
320,196.5505518913269,0.5055537752079544,0.011195513010025028,0.004475876092910769,0.008766689300537105
330,202.52575635910034,0.4478537002985831,0.011272681951522824,0.004543733596801759,0.00911298513412476
340,208.46488666534424,0.5741717291995883,0.011214517354965214,0.004497542381286622,0.008932709693908688
350,214.44677782058716,0.5091811714402865,0.011227529048919683,0.004516922235488889,0.009137665033340462
360,222.21043610572815,0.339547622797545,0.02017216682434082,0.0045173454284667975,0.009056805372238155
370,228.19100332260132,0.5451613698358415,0.011538429260253908,0.004509518146514891,0.008868333101272578
380,234.07816863059998,0.3936283561575692,0.011240379810333254,0.004471555948257446,0.008804857730865482
390,240.03220319747925,0.44998142501572147,0.011235610246658326,0.004548269510269164,0.00903122663497925
400,246.03157377243042,0.5265426155965542,0.011270003318786618,0.004545261859893797,0.00918534517288208
410,251.90385627746582,0.33838978898129424,0.011204812526702886,0.004473979473114011,0.008723853826522831
420,258.0334713459015,0.5095272618636955,0.011248452663421627,0.0045461940765380866,0.009106177091598507
430,263.95729756355286,0.4397134123646538,0.011221750974655161,0.004515665769577027,0.00893566966056824
440,272.0379493236542,0.4352307389228372,0.021939668655395504,0.00451020121574402,0.009009470939636239
450,278.0216794013977,0.5593891019918373,0.011525876522064212,0.004528063535690307,0.008913942575454718
460,284.0049057006836,0.5566638806049014,0.011264657974243168,0.004517167806625367,0.008828982114791871
470,289.85615038871765,0.5458775006030919,0.011182515621185298,0.0044847583770751985,0.008738386631011966
480,295.7481949329376,0.4410699439264135,0.011246148347854618,0.004503990411758424,0.008826161623001101
490,301.66765689849854,0.4932161560456734,0.011215182542800907,0.004525582790374757,0.008881363868713379
500,307.55279326438904,0.34544044198992196,0.01120898127555847,0.004478307962417603,0.008849025964736936
510,313.43951392173767,0.49771637660742274,0.011209369897842403,0.004507325887680053,0.008815962076187133
520,319.3552098274231,0.4745789758511819,0.01116938471794129,0.004530845880508423,0.008877533674240113
530,325.2265832424164,0.41044462006248067,0.011228592395782474,0.0045289993286132795,0.00871307611465454
540,333.89619398117065,0.47844616919755933,0.02480538606643675,0.004576230049133303,0.009019025564193726
550,339.84674620628357,0.4396108678658493,0.011483569145202637,0.004525673389434814,0.008840411901473996
560,345.78709602355957,0.4222724941559136,0.011238894462585457,0.004510324001312257,0.008933752775192266
570,351.7164545059204,0.33841343023232184,0.011236269474029541,0.004548012018203729,0.00895679473876953
580,578.0860352516174,0.2593972926813876,0.011271429061889649,0.004526320695877075,0.008762853145599367
590,580.6333568096161,0.2885085745423567,0.011243895292282102,0.004503430128097537,0.007854506969451905
600,583.1599802970886,0.3884627292427467,0.020137690305709832,0.004478567838668822,0.007752857208251954
610,585.6613464355469,0.32644154399749825,0.01122694253921509,0.004483650922775272,0.007673417329788207
620,588.1588687896729,0.3688338048668811,0.011242778301239006,0.004508342742919924,0.007718600034713742
630,590.6815247535706,0.34619905800209383,0.011231504678726188,0.004502931833267212,0.007721425294876098
640,593.1887590885162,0.36448561293509557,0.011249198913574213,0.004513261318206791,0.007728241682052615
650,595.6909439563751,0.3681966026852024,0.011254880428314212,0.004497648477554321,0.007735320329666133
660,598.1957738399506,0.36161263093381424,0.024416956901550286,0.004475656747817991,0.007660832405090336
670,600.6783051490784,0.3357176370162051,0.011266599893569946,0.004502029418945311,0.007663296461105346
680,603.2003879547119,0.3482975594481104,0.011246501207351687,0.004517961740493775,0.00777358412742615
690,605.7028369903564,0.33900810061604714,0.011239887475967403,0.004503471851348877,0.007716631889343262
700,608.22119307518,0.31980247800165673,0.01124403715133667,0.00453085660934448,0.007759552001953121
710,610.7223169803619,0.3986685984506039,0.012268712520599367,0.004490950107574463,0.007711124420166011
720,613.2317891120911,0.25162922446615993,0.015410295724868775,0.004547945261001588,0.0077609324455261185
730,615.799863576889,0.2792620637221262,0.013638528585433957,0.004522503614425656,0.007819241285324094
740,618.3521885871887,0.3740071777632693,0.01126004219055176,0.0045319902896881125,0.007798719406127927
750,620.9036087989807,0.23641506399872014,0.011251310110092162,0.004503751993179322,0.007647076845169065
760,623.4713134765625,0.24021483998731127,0.011255786418914799,0.004526187181472779,0.007721638679504395
770,626.0234413146973,0.2716214548738208,0.011251301765441906,0.004518924951553345,0.0075981450080871565
780,628.563570022583,0.30210492784317466,0.011248699426651,0.004519975185394286,0.007630760669708253
790,631.060574054718,0.34136969207174844,0.011250309944152836,0.004507578611373902,0.0076041293144226115
800,633.5345780849457,0.3237893071884173,0.011223927736282351,0.004497356414794922,0.007609691619873046
810,636.0285708904266,0.4273058259379468,0.012794727087020872,0.004505380392074588,0.007607102394104002
820,638.547607421875,0.27734209302507223,0.011276003122329714,0.004526488780975342,0.007782994508743287
830,641.0460684299469,0.3968886738359288,0.011285316944122315,0.004530241489410401,0.0077016544342040985
840,643.6400337219238,0.2525153208844131,0.011269001960754395,0.004517064094543457,0.007650916576385498
850,646.1500794887543,0.2288464460958494,0.011267522573471064,0.0045320773124694815,0.007729381322860716
860,648.6695168018341,0.33051106379934936,0.01410524964332581,0.0045345938205718994,0.007719471454620363
870,651.1901483535767,0.2991602844951558,0.011221722364425658,0.0045136034488678,0.0076890325546264664
880,653.7300770282745,0.23697777483612298,0.011228314638137818,0.004477708339691161,0.007599151134490967
890,656.3463027477264,0.21292853247723542,0.011280794143676762,0.004510560035705567,0.00766346216201782
900,658.8721370697021,0.3258201895907405,0.011266374588012693,0.004531056880950927,0.0076987373828887925
910,661.414913892746,0.2624027007856057,0.011265459060668953,0.004543693065643311,0.007692347764968868
920,663.9231040477753,0.1845787421480054,0.011286332607269293,0.0045332908630371085,0.007600492238998417
930,666.4177672863007,0.2929949939250946,0.016176228523254392,0.004512344598770143,0.007680636644363406
940,668.9380733966827,0.31120597913104575,0.013178887367248529,0.004541571140289303,0.007607101202011107
950,671.4206185340881,0.2631238851703529,0.011247950792312625,0.004474714994430539,0.0075339603424072294
960,673.9331722259521,0.38149321282908205,0.011283155679702752,0.004540833234786988,0.007666611671447755
970,676.4813570976257,0.311258258268208,0.014642038345336917,0.004526815414428708,0.00765160083770752
980,678.9705607891083,0.15657268786235362,0.011250848770141602,0.004499719142913821,0.007617701292037966
990,681.4591491222382,0.25393373244442047,0.0174045705795288,0.004486943483352659,0.007642759084701545
1000,684.0017540454865,0.2512408577946189,0.011260914802551272,0.004521110057830809,0.007593539953231807
1010,686.5295302867889,0.3437749495446042,0.011279617547988896,0.004523001909255978,0.007625218629837033
1020,689.1766774654388,0.22870602241528104,0.01127683043479919,0.004524391889572145,0.007696472406387327
1030,691.664692401886,0.18192510001463233,0.011239832639694212,0.004524885416030885,0.007553145885467532
1040,694.1781170368195,0.2877021112239163,0.01127257466316223,0.004497396945953369,0.007605513334274293
1050,696.6629872322083,0.33006450171524193,0.011262761354446415,0.004503828287124636,0.0075843775272369405
1060,699.1477332115173,0.2373046671749762,0.0112293004989624,0.004510008096694949,0.007606978416442875
1070,701.6066854000092,0.34808770397357874,0.01123286247253418,0.004494613409042359,0.007544392347335821
1080,704.0884821414948,0.1797947977836884,0.011256850957870487,0.004509570598602298,0.00755638837814331
1090,706.5775055885315,0.2362611503340304,0.01123651504516601,0.004489383697509765,0.007593576908111575
1100,709.1059234142303,0.260165206923557,0.011251112222671503,0.00450024962425232,0.007532855272293087
1110,711.614102602005,0.318424766176031,0.02195985555648803,0.004543008804321291,0.007655715942382813
1120,714.1646938323975,0.204852936208772,0.011271049976348877,0.00450542330741882,0.007546435594558716
1130,716.7515435218811,0.32656847864127486,0.012480554580688473,0.004519352912902832,0.007566676139831538
1140,719.2699663639069,0.23292369680057162,0.01863149881362914,0.004500743150711057,0.007466171979904175
1150,721.8231239318848,0.20012523928744486,0.011264802217483515,0.004536420106887818,0.007671201229095455
1160,862.6076462268829,0.25875720143012587,0.011250027418136596,0.004505968093872071,0.007611477375030519
1170,865.0947957038879,0.22795221659471282,0.012529728412628168,0.004504809379577638,0.007555809020996097
1180,867.6369318962097,0.20061251528168214,0.011248399019241325,0.004506694078445438,0.00759552359580994
1190,870.1798713207245,0.2290401712180028,0.0112677550315857,0.0045500195026397725,0.007715425491333002
1200,872.6214911937714,0.20579759372012632,0.011219969987869258,0.0044765865802764895,0.00743656039237976
1210,875.1280274391174,0.25367505898320813,0.011229250431060791,0.004484080076217649,0.007523884773254398
1220,877.6132581233978,0.19840365155214384,0.011265866756439213,0.004539536237716675,0.0075940155982971175
1230,880.1128952503204,0.24135146396874915,0.011243444681167596,0.00449510931968689,0.007548081874847408
1240,882.6391656398773,0.2746674026493565,0.011276646852493287,0.004497392177581787,0.00764654874801636
1250,885.1925444602966,0.2528752832833561,0.011247092485427854,0.004476065635681152,0.007503632307052611
1260,887.6477706432343,0.1611611625587102,0.01125608325004578,0.0045012211799621595,0.007502737045288088
1270,890.1623024940491,0.2721225679058989,0.013609732389450083,0.004470219612121582,0.007545191049575811
1280,892.6960883140564,0.1975921893677878,0.011280493736267093,0.004533491134643558,0.0076771235466003476
1290,895.1863689422607,0.24685752568657335,0.011254035234451292,0.004524109363555904,0.007542476654052733
1300,897.6803267002106,0.14106153865868692,0.011255923509597783,0.004530818462371826,0.00766466975212097
1310,900.1693832874298,0.17367443292896495,0.011220884323120121,0.004542256593704221,0.007548251152038577
1320,902.6659216880798,0.17231195988570108,0.011273297071456901,0.00455444812774658,0.007586042881011964
1330,905.1278450489044,0.2622528078056348,0.011222093105316158,0.004510420560836789,0.0074781286716461195
1340,907.6476826667786,0.15331178442866075,0.011254321336746214,0.004507898092269899,0.007594822645187375
1350,910.1504654884338,0.22540994464725372,0.016182036399841317,0.004515177011489869,0.007534784078598022
1360,912.6183316707611,0.20642724225544953,0.011243447065353396,0.004507718086242679,0.00738734364509582
1370,915.1257514953613,0.19068097810923063,0.01126440167427063,0.004478403329849243,0.007479175329208383
1380,917.6143827438354,0.1203137711254385,0.011256716251373295,0.004487714767456052,0.007456458806991575
1390,920.1015057563782,0.197000855589431,0.011244554519653317,0.004506241083145144,0.007422064542770385
1400,922.5870449542999,0.18207721104117808,0.011257175207138054,0.004530463218688964,0.007494881153106693
1410,925.0896306037903,0.2710374361533468,0.011221544742584232,0.004481066465377806,0.0075510787963867215
1420,927.6161966323853,0.13071401284323655,0.011254560947418214,0.004536174535751342,0.007536659240722656
1430,930.0810115337372,0.2135207898216322,0.024431650638580323,0.004512108564376831,0.007522392272949219
1440,932.5756306648254,0.16935087421516073,0.011244983673095708,0.004490654468536376,0.007396217584609986
1450,935.0566201210022,0.19733271069308103,0.015402377843856816,0.004490054845809936,0.00740584135055542
1460,937.6360187530518,0.19624079789100507,0.011273876428604128,0.004546620845794679,0.007619040012359616
1470,940.1700165271759,0.26337463449381177,0.011257400512695305,0.00450571894645691,0.0075285828113555876
1480,942.7504343986511,0.20937375961621002,0.017411842346191413,0.004520591497421263,0.007480022907257078
1490,945.3772411346436,0.1664436669627321,0.011265693902969356,0.004521940946578979,0.007532222270965576
1500,947.9543135166168,0.10128855664770527,0.011248258352279675,0.004510681629180913,0.007510792016983038
1510,950.4572803974152,0.24407988687653415,0.01124306440353394,0.0045335817337036136,0.00743591904640198
1520,952.8898525238037,0.13904510027605282,0.01124571800231933,0.004500950574874879,0.007396904230117803
1530,955.426680803299,0.12976423021318623,0.020148688554763778,0.004546073675155638,0.007564697265625002
1540,957.8865020275116,0.188928549535558,0.011275199651718141,0.00451537251472473,0.007446968555450439
1550,960.3519043922424,0.2418068549464806,0.011303791999816886,0.0044907212257385256,0.007410783767700195
1560,962.8294124603271,0.14935220899351406,0.011263633966445915,0.004544808864593508,0.007521208524703976
1570,965.2885472774506,0.16461373957245087,0.011250197887420654,0.004490541219711303,0.007353525161743167
1580,967.7378108501434,0.14151475528851734,0.017511216402053838,0.004555741548538205,0.007494170665740968
1590,970.181233882904,0.19479718639940985,0.011264704465866086,0.004505120515823363,0.007477281093597412
1600,972.6534850597382,0.18504850252938923,0.011255342960357672,0.004523236751556398,0.007375538349151613
1610,975.0796003341675,0.16767027446803695,0.011235208511352537,0.0044970774650573715,0.007397730350494384
1620,977.528356552124,0.12100159481706214,0.011246911287307744,0.004508068561553958,0.007312855720520017
1630,980.0932822227478,0.21904673978388017,0.011246043443679809,0.0045175027847290045,0.007421303987503051
1640,982.5981500148773,0.22745235028069147,0.011247614622116093,0.00454352378845215,0.007267159223556518
1650,985.0708677768707,0.2618710588720205,0.011266982555389406,0.004496053457260132,0.0074713933467864995
1660,987.5976881980896,0.1522254860297835,0.01129312515258789,0.0045044672489166285,0.0073736071586608855
1670,990.0763144493103,0.15770515385447653,0.02196180939674377,0.004546893835067751,0.007417908906936643
1680,992.5379953384399,0.18963534373251606,0.011243911981582646,0.004526526927947997,0.00736474275588989
1690,995.048752784729,0.22649699294524908,0.01420326948165894,0.004535630941390989,0.007380799055099485
1700,997.568600654602,0.12741898924468842,0.012810424566268921,0.0045149934291839585,0.007366673946380619
1710,999.9579865932465,0.13026928193630738,0.018666718006134043,0.004487528800964354,0.007292553186416627
1720,1002.3398199081421,0.26630395653082817,0.011225175857543939,0.004512073993682862,0.0072073900699615445
1730,1004.8805525302887,0.21621379671560134,0.011224910020828252,0.004507153034210204,0.007357980012893677
1740,1139.3079631328583,0.15951744344019972,0.014677896499633789,0.004514694213867187,0.0072642409801483175
1750,1141.7720339298248,0.16137520955944637,0.011227015256881717,0.00449016451835632,0.007255177497863767
1760,1144.233674287796,0.09660715502250242,0.01121621012687683,0.004496545791625979,0.00727053880691528
1770,1146.6486778259277,0.12357880342569842,0.013605707883834837,0.004518737792968749,0.00728710532188416
1780,1149.096411705017,0.09946196290657099,0.01617838025093079,0.004515770673751832,0.0073686206340789805
1790,1151.5519165992737,0.1297347388906928,0.0112532913684845,0.0045450782775878894,0.007317769527435307
1800,1154.1004712581635,0.17054912185267312,0.011257078647613519,0.004520710706710815,0.007221267223358153
1810,1156.5345239639282,0.2062998349152622,0.015349863767623892,0.004495472908020017,0.00729191541671753
1820,1159.0275738239288,0.19211703904074967,0.012306321859359745,0.0045288622379303,0.007414327859878544
1830,1161.4601981639862,0.17735241145328473,0.011267639398574825,0.0044959509372711134,0.0073340141773223875
1840,1163.8411719799042,0.1708497795609219,0.011262882947921755,0.004503366947174071,0.007188744544982912
1850,1166.2640075683594,0.24419123528914496,0.011254074573516844,0.004539544582366943,0.0073705315589904785
1860,1168.6926774978638,0.12443042799222895,0.02441896200180054,0.004530342817306518,0.007333135604858401
1870,1171.194010257721,0.19293694957414118,0.011254934072494508,0.00448312044143677,0.007310249805450433
1880,1173.6195254325867,0.11147450956068497,0.012523237466812137,0.004483611583709716,0.007242085933685302
1890,1176.0833892822266,0.12997892524854252,0.014054770469665526,0.004507493972778321,0.0072725141048431375
1900,1178.4954183101654,0.19665620214109367,0.011257355213165288,0.00448880434036255,0.007247757911682133
1910,1180.8986494541168,0.10808005184117064,0.018665177822113035,0.004511764049530029,0.007328206300735475
1920,1183.3418958187103,0.14500296595906548,0.011239839792251582,0.004528169631958009,0.0073317337036132805
1930,1185.786380290985,0.1377214488815298,0.011242825984954834,0.004514573812484739,0.007319623231887817
1940,1188.208440065384,0.15511323600458127,0.011249032020568855,0.00447779655456543,0.007225432395935061
1950,1190.6342916488647,0.09443669181100631,0.0112744390964508,0.004531496763229371,0.007338217496871956
1960,1193.0399215221405,0.18664938980573426,0.01124297261238099,0.004537999629974368,0.007309588193893433
1970,1195.4682304859161,0.10750599815128226,0.011258560419082644,0.004516918659210207,0.0072482192516326914
1980,1197.859263420105,0.22524996301526698,0.011280018091201778,0.0045258831977844265,0.007262806892395024
1990,1200.2631378173828,0.15022452088887803,0.01315886378288269,0.004496021270751952,0.00728936076164245
2000,1202.624692440033,0.1542042749311804,0.011229808330535891,0.004480167627334593,0.007116608619689942
2010,1205.029907464981,0.20961027375997218,0.011249321699142459,0.004491541385650633,0.00719669699668884
2020,1207.449616909027,0.15570414943867944,0.011240789890289312,0.00451893925666809,0.007198653221130368
2030,1209.8715720176697,0.14749811170204338,0.01126308917999267,0.004560788869857788,0.007319940328598023
2040,1212.2571516036987,0.1450601010750688,0.011264046430587758,0.0045315873622894295,0.007244414091110231
2050,1214.6599164009094,0.087469261838487,0.011271649599075317,0.004522322416305543,0.007200568914413452
2060,1217.040275335312,0.17474487428353314,0.011269001960754395,0.004509063959121704,0.0072168505191802955
2070,1219.4917504787445,0.10952876445917355,0.017421561479568477,0.0045154058933258075,0.007273863554000855
2080,1221.8878057003021,0.1265543149138466,0.02012750387191773,0.004488701820373535,0.007176463603973393
2090,1224.3232741355896,0.14755291177079927,0.011241283416748054,0.004512379169464112,0.007108069658279423
2100,1226.714860200882,0.10081746466148615,0.012790683507919306,0.004504890441894532,0.007128392457962036
2110,1229.0849568843842,0.1946053552614103,0.01122555375099182,0.0044974744319915775,0.007136317491531372
2120,1231.5800640583038,0.1088734831135298,0.011244430541992189,0.004491077661514282,0.0072009265422821045
2130,1234.0837230682373,0.10501152592823929,0.011274400949478151,0.0045663070678710945,0.00734079480171204
2140,1236.458342075348,0.1654539567658503,0.011235898733139042,0.004496556520462037,0.007073252201080321
2150,1238.8574295043945,0.11489207598606299,0.011234627962112439,0.004486992359161381,0.006964716911315919
2160,1241.2204144001007,0.09440423844780525,0.011273126602172846,0.0045139968395233165,0.007132835388183596
2170,1243.6278657913208,0.14238725540544692,0.011260876655578613,0.004528102874755855,0.0071965110301971435
2180,1245.9986300468445,0.14753445423102676,0.011285254955291745,0.004522119760513307,0.0070924687385559085
2190,1248.348572254181,0.11858114511960594,0.011278138160705557,0.004528272151947021,0.0069976520538330075
2200,1250.7184946537018,0.15693386525363168,0.011266652345657357,0.004504871368408201,0.00717902421951294
2210,1253.0899662971497,0.14525495271300315,0.011285877227783205,0.004503685235977177,0.007180815935134889
2220,1255.4758586883545,0.197309593141199,0.011271036863327024,0.004513736963272098,0.007132256031036378
2230,1257.8662700653076,0.10380195888174057,0.011256788969039921,0.004503600597381588,0.007098882198333742
2240,1260.2417330741882,0.07869246487380224,0.011243262290954598,0.004518322944641112,0.007074724435806273
2250,1262.681289434433,0.18510004460058554,0.011259922981262206,0.004523988962173461,0.007210749387741089
2260,1265.0928523540497,0.131760160695012,0.011235365867614743,0.004520611763000488,0.007246676683425905
2270,1267.4567036628723,0.25764042434675505,0.01127905011177063,0.0045014131069183345,0.007100418806076049
2280,1269.8370230197906,0.11820774138050183,0.011274229288101192,0.004521521329879762,0.007229508161544798
2290,1272.202876329422,0.1562794462714919,0.011211432218551635,0.004526286125183103,0.007051448822021487
2300,1274.5592069625854,0.09808414290728251,0.021948748826980592,0.004508726596832274,0.007073357105255129
2310,1404.6483447551727,0.1328189550163188,0.011273601055145268,0.004553864002227783,0.007147481441497801
2320,1407.022551059723,0.1029959406215312,0.011221821308135989,0.004456027746200561,0.006893235445022579
2330,1409.455263376236,0.17307594864651038,0.011274545192718505,0.004547436237335207,0.007143247127532959
2340,1411.853393793106,0.16251648419711273,0.011258754730224602,0.004529862403869625,0.007203415632247923
2350,1414.3244788646698,0.12305564916478033,0.01620267748832703,0.0045681297779083235,0.00733699679374695
2360,1416.7389006614685,0.08260228361859845,0.01126581430435181,0.004518401622772216,0.007213418483734127
2370,1419.1612675189972,0.09916291247063783,0.01122826099395752,0.004529371261596679,0.007201238870620731
2380,1421.5481214523315,0.16146411293675555,0.011197390556335448,0.0044943356513977035,0.007046028375625612
2390,1423.9061379432678,0.10613112275509592,0.011277462244033813,0.004542165994644167,0.007137228250503537
2400,1426.2500715255737,0.08300524567857792,0.011236912012100229,0.004498142004013064,0.007023543119430544
2410,1428.5703914165497,0.04710101871914958,0.011259135007858275,0.0044806635379791215,0.006980123519897461
2420,1430.9963929653168,0.1220744280105464,0.01360342741012573,0.004498380422592163,0.0071339762210845935
2430,1433.3655269145966,0.108437266375131,0.01127827405929565,0.004523495435714723,0.00712684392929077
2440,1435.7464349269867,0.06931826621375876,0.011272436380386351,0.004524790048599245,0.007065197229385376
2450,1438.1102135181427,0.09712899726000615,0.011241315603256223,0.00452716112136841,0.007018820047378545
2460,1440.447018623352,0.06183945132261215,0.01124992489814758,0.004495149850845338,0.006956036090850833
2470,1442.8032658100128,0.10553466671030946,0.012830382585525513,0.004501489400863649,0.006766763925552366
2480,1445.1222341060638,0.13330710266127427,0.011245305538177491,0.004493422508239744,0.006907879114151004
2490,1447.4534924030304,0.12553709147468908,0.01864129543304443,0.004490548372268677,0.006918340921401983
2500,1449.7852642536163,0.10374491234115339,0.011282891035079958,0.0045032072067260715,0.0070322906970977745
2510,1452.1088230609894,0.1674241044072005,0.011268196105957036,0.004502077102661132,0.006953791379928585
2520,1454.4524660110474,0.13096975396001653,0.011267129182815555,0.004514166116714478,0.00703981399536133
2530,1456.8090891838074,0.1088435024721548,0.0112714695930481,0.004543596506118769,0.00709360361099243
2540,1459.1617667675018,0.10650346313432238,0.011247785091400146,0.004554041624069216,0.007014930248260496
2550,1461.5452218055725,0.11013073814237942,0.014662387371063235,0.004516866207122803,0.007157219648361206
2560,1463.9434115886688,0.13600911628727771,0.011261293888092038,0.00450960397720337,0.007044301033020016
2570,1466.3406195640564,0.12196479070471469,0.011240962743759162,0.00452055096626282,0.007105951309204102
2580,1468.6575572490692,0.09637166283682745,0.01125974297523499,0.004497660398483278,0.0069321501255035405
2590,1471.013655424118,0.07092730176891564,0.011230232715606685,0.004540027379989627,0.007002052068710329
2600,1473.3460376262665,0.16634141581544098,0.02193061351776122,0.004526205062866212,0.0068376815319061285
2610,1475.729233264923,0.11010431608929139,0.011257559061050419,0.00448131799697876,0.006923217773437501
2620,1478.0326144695282,0.12393610608851305,0.011233618259429933,0.004490269422531131,0.006875778436660769
2630,1480.370682477951,0.07810719026083461,0.01251210927963257,0.0045268452167510995,0.006957125663757324
2640,1482.6951959133148,0.0959681844627994,0.011249659061431883,0.004505493640899661,0.006835308074951173
2650,1485.0275974273682,0.12471652451831687,0.02444523572921753,0.004529398679733279,0.0069459939002990715
2660,1487.3768050670624,0.0775127830067504,0.011232260465621953,0.0045272529125213595,0.006951810121536256
2670,1489.7217993736267,0.12729637192342125,0.011269565820693966,0.00453614592552185,0.006908426284790037
2680,1492.0125005245209,0.11335859350092506,0.011282181739807133,0.004500349760055542,0.006756885051727289
2690,1494.3039271831512,0.1872457718529404,0.013170965909957888,0.004524450302124025,0.006782424449920656
2700,1496.67924618721,0.07977137910384044,0.011248512268066408,0.004521192312240599,0.006927541494369506
2710,1499.0087492465973,0.1331144276457053,0.011292495727539062,0.004549582004547118,0.006965494155883793
2720,1501.3064332008362,0.12963978232128284,0.011272240877151484,0.004508395195007324,0.006792762279510499
2730,1503.5982875823975,0.04692507594354538,0.011226102113723756,0.0044777095317840585,0.0067930543422698945
2740,1505.9288194179535,0.09259475678491072,0.011214106082916259,0.004462605714797971,0.0067733716964721675
2750,1508.206648349762,0.10064777872080413,0.012284607887268066,0.004514839649200439,0.00669529676437378
2760,1510.485421180725,0.1252326046786038,0.01407144069671631,0.00448987722396851,0.006758811473846438
2770,1512.8131070137024,0.11947484993638682,0.020148621797561637,0.004530698060989379,0.006926376819610594
2780,1515.115894317627,0.13701667669720335,0.011258476972579954,0.004494607448577878,0.006796796321868898
2790,1517.426703453064,0.1538144811778693,0.011226189136505122,0.004555983543395994,0.006859444379806516
2800,1519.7272236347198,0.10038145045596139,0.011270565986633303,0.004513628482818601,0.006791335344314574
2810,1522.0165424346924,0.06449332827214675,0.011224831342697144,0.0044993507862091065,0.00673272490501404
2820,1524.3209495544434,0.06993774397005836,0.011274077892303464,0.0044937837123870845,0.006849629878997803
2830,1526.6248707771301,0.09036696489802125,0.011268547773361203,0.0045221304893493675,0.006819772720336917
2840,1528.915142774582,0.15508780230402408,0.017408707141876225,0.004504837989807126,0.006786867380142213
2850,1531.2595808506012,0.10383873401851815,0.01126745462417603,0.004554646015167236,0.006902854442596437
2860,1533.5560128688812,0.08465944655990824,0.015388035774230957,0.004492291212081909,0.006833279132843017
2870,1535.8454501628876,0.0954783989363932,0.01122213721275329,0.004481966495513916,0.006809296607971189
2880,1538.1905257701874,0.0996456687841146,0.011296291351318367,0.004541178941726687,0.0068711006641387976
2890,1663.0067083835602,0.13125558747078686,0.011253882646560666,0.004477255344390871,0.006848496198654177
2900,1665.3121898174286,0.06123684634694655,0.011263884305953981,0.004522460699081422,0.006878619194030762
2910,1667.604733467102,0.094131092215639,0.011240761280059809,0.004524030685424807,0.0068178725242614745
2920,1669.8886272907257,0.07978759043303399,0.011257554292678832,0.0045072662830352795,0.006775871515274051
2930,1672.3001761436462,0.11142703027417156,0.011239991188049319,0.004490513801574703,0.006842366456985475
2940,1674.6023185253143,0.06676439857692458,0.011242295503616334,0.004568754434585569,0.006859419345855715
2950,1676.9102201461792,0.04785511684576704,0.014612573385238647,0.004511439800262451,0.006920255422592161
2960,1679.2023839950562,0.07483188883884395,0.011249758005142206,0.004486657381057738,0.00677387475967407
2970,1681.5243246555328,0.07119641752660755,0.01124300718307496,0.004503962993621826,0.006841516494750975
2980,1683.8112156391144,0.0817334687677885,0.011288952827453614,0.004533144235610962,0.006802024841308593
2990,1686.114667892456,0.07968223607244909,0.011273945569992068,0.004511090517044067,0.00671431541442871
3000,1688.3956055641174,0.08878547106112364,0.01127198219299316,0.004507408142089842,0.006799291372299192
3010,1690.686475276947,0.08037197494923021,0.01126263380050659,0.004506653547286988,0.006789544820785524
3020,1692.9930741786957,0.11305991154313233,0.011262991428375235,0.0045242238044738755,0.006803565025329592
3030,1695.2690696716309,0.1287066973817673,0.011232583522796633,0.004516081809997557,0.006755193471908572
3040,1697.5390510559082,0.08875312380662308,0.011235911846160884,0.004504187107086182,0.006601351499557498
3050,1699.8069858551025,0.08759963488228095,0.011248093843460085,0.0044804310798645,0.006722744703292845
3060,1702.087018251419,0.0772037540371457,0.011287013292312622,0.004539562463760374,0.006760758161544801
3070,1704.3467829227448,0.07816638183330724,0.012819311618804938,0.00453405499458313,0.006590025424957275
3080,1706.6213209629059,0.09243859525104199,0.011307232379913334,0.0045378816127777085,0.006602066755294797
3090,1708.8920657634735,0.11654398511952876,0.01125189304351807,0.004501032829284669,0.006715563535690307
3100,1711.1650149822235,0.13247111145931284,0.011250132322311401,0.004492030143737795,0.006633603572845458
3110,1713.4164876937866,0.06362695385860206,0.011259580850601199,0.0045136892795562735,0.006608796119689944
3120,1715.7067675590515,0.09251815779671232,0.011244558095932004,0.004498063325881959,0.0068058753013610866
3130,1718.0048944950104,0.1017462523094764,0.012284088134765623,0.004506291151046752,0.006854786872863766
3140,1720.2499647140503,0.1114998749323604,0.013167425394058227,0.0045149242877960205,0.006621679067611698
3150,1722.5525159835815,0.11344726036995781,0.011252501010894768,0.004523738622665404,0.006633055210113524
3160,1724.8925166130066,0.09885554408033385,0.011245770454406738,0.004480093717575072,0.00665204167366028
3170,1727.1776032447815,0.13045869827305978,0.011242789030075077,0.004512990713119502,0.006772192716598513
3180,1729.4643487930298,0.04733105384293594,0.014886021614074697,0.004522866010665895,0.0068086230754852315
3190,1731.76699924469,0.06490389605273776,0.011237256526947025,0.004485405683517457,0.006779468059539796
3200,1734.0244176387787,0.0787938029248835,0.011240622997283936,0.004520908594131472,0.006650023460388184
3210,1736.2231109142303,0.05090723830335264,0.020124615430831907,0.004520887136459351,0.006390535831451416
3220,1738.4727931022644,0.13524497012140274,0.01869000196456909,0.004549654722213744,0.0066042792797088605
3230,1740.7412283420563,0.12234423888462516,0.019019074440002438,0.004495720863342283,0.006688133478164672
3240,1743.0200984477997,0.07231486158502776,0.011267805099487303,0.004521368741989134,0.0067896771430969215
3250,1745.2517998218536,0.08859323838605633,0.011225907802581788,0.004538898468017576,0.006549315452575683
3260,1747.4721956253052,0.05394790433151684,0.01123861908912659,0.004517971277236933,0.00651440024375915
3270,1749.7331774234772,0.0996610436465744,0.017418977022171024,0.004521307945251464,0.006508038043975829
3280,1751.9886465072632,0.15564147817080992,0.011231638193130484,0.0045109474658966055,0.006646814346313474
3290,1754.2268319129944,0.09200696163406974,0.011284937858581548,0.004534271955490113,0.006581505537033077
3300,1756.4497487545013,0.06197097313192899,0.02437584400177001,0.004463493824005129,0.006543278694152835
3310,1758.7143437862396,0.1147717493017808,0.011236671209335332,0.004508882761001589,0.00671540021896362
3320,1761.0849385261536,0.07889558510364622,0.011267817020416267,0.004523690938949586,0.006688953638076781
3330,1763.346232175827,0.06954500886786263,0.0112435507774353,0.004534181356430055,0.006600968837738035
3340,1765.6446573734283,0.1270883831986339,0.011235001087188728,0.0044806289672851595,0.006601526737213132
3350,1768.010496854782,0.07650951674086173,0.011269314289093012,0.0045447576045989976,0.006861029863357543
3360,1770.2560787200928,0.11555888350535497,0.011232037544250487,0.004496471881866457,0.006630727052688601
3370,1772.5567059516907,0.11842942012117419,0.01127315163612365,0.0045248818397521946,0.006633808612823487
3380,1774.8260684013367,0.1271021946497058,0.01126474618911744,0.004511741399765016,0.006745201349258427
3390,1777.1032638549805,0.10187251996899249,0.021962658166885363,0.004506394863128658,0.006599224805831911
3400,1779.3512494564056,0.08280130722466765,0.011251505613327027,0.004519913196563722,0.006649122238159182
3410,1781.678989648819,0.12819245186287845,0.011263875961303717,0.004484602212905883,0.00660056233406067
3420,1783.9788284301758,0.16836366474003625,0.011254106760025022,0.004465177059173585,0.006558961868286134
3430,1786.2767367362976,0.1454841115972158,0.011276880502700804,0.004557958841323854,0.006795059442520142
3440,1788.5295991897583,0.08817988699429406,0.015406526327133177,0.0045117950439453125,0.006685519218444826
3450,1791.0529608726501,0.10115733922061736,0.011279036998748774,0.004514337778091431,0.006632483005523682
3460,1793.3083732128143,0.04384417048838714,0.0112159264087677,0.004476439952850341,0.006397318840026853
3470,1913.3666396141052,0.1700808585263985,0.011248644590377804,0.004515411853790287,0.006595361232757567
3480,1915.6843101978302,0.06137469205118577,0.016171323060989378,0.004497709274291989,0.006878023147583007
3490,1918.259136915207,0.06169585253319383,0.011246860027313229,0.004505918025970458,0.006810914278030396
3500,1920.568451166153,0.10784425034617015,0.013586329221725466,0.00448359966278076,0.006755366325378417
3510,1922.8546874523163,0.07100539755319915,0.011220003366470336,0.00449930787086487,0.006562294960021973
3520,1925.1971485614777,0.07739029692352233,0.01252398729324342,0.004535292387008666,0.006680148839950562
3530,1927.4637837409973,0.06574006597270454,0.011254489421844482,0.004494789838790895,0.0066117572784423805
3540,1929.7100713253021,0.03768784686294566,0.011284068822860715,0.004546589851379396,0.006634570360183718
3550,1932.0659770965576,0.07454308571802812,0.01126251459121704,0.004541279077529906,0.006591823101043705
3560,1934.384404182434,0.05217349035569896,0.011253653764724734,0.00451614022254944,0.006586468219757077
3570,1936.6604733467102,0.0731639183596144,0.011275873184204099,0.004496753215789794,0.006591447591781619
3580,1939.0503106117249,0.04510604720599076,0.01122473359107971,0.0045073997974395775,0.006437909603118901
3590,1941.2581803798676,0.08320616719495319,0.01129142045974732,0.004544878005981447,0.006463776826858522
3600,1943.4653270244598,0.05769713028757906,0.011227844953536986,0.0045081949234008776,0.006370499134063722
3610,1945.7199084758759,0.06378356151681146,0.011269098520278926,0.004497097730636597,0.006387518644332886
3620,1947.929378271103,0.060272169519748786,0.01865020036697388,0.004553120136260989,0.006410719156265258
3630,1950.2043590545654,0.040742428834255405,0.011275610923767092,0.004537024497985837,0.006480995416641237
3640,1952.4308450222015,0.07172442729061004,0.011259130239486695,0.004534691572189333,0.006503068208694458
3650,1954.800837278366,0.08181693348642512,0.011257368326187126,0.0045462834835052505,0.00655786395072937
3660,1957.0188839435577,0.10544050337460362,0.024439934492111206,0.004521659612655639,0.0064779639244079605
3670,1959.2374289035797,0.0861622368814551,0.011249898672103877,0.004469945430755616,0.0063554954528808605
3680,1961.5566456317902,0.07229803501181778,0.011258816719055173,0.0044969439506530795,0.00660274386405945
3690,1963.7927284240723,0.055133928609348,0.012784553766250614,0.0045113897323608414,0.0065221059322357194
3700,1966.0314350128174,0.05054767301903666,0.011275869607925409,0.004524775743484496,0.006553825139999388
3710,1968.2442164421082,0.043994141429266165,0.011222397089004518,0.004461989402770996,0.006438649892807008
3720,1970.4522964954376,0.11485702738668806,0.011241222620010377,0.004520735740661622,0.006436924934387208
3730,1972.7715034484863,0.1183212993967345,0.011261405944824224,0.0044990646839141845,0.0064315819740295415
3740,1975.0033955574036,0.06431098139428286,0.011263825893402094,0.004523204565048223,0.006453046798706051
3750,1977.2723767757416,0.03356802267564944,0.014107584953308114,0.004504219293594361,0.00634565830230713
3760,1979.4697484970093,0.05918834737442467,0.01123503565788269,0.004479379653930666,0.0063354825973510704
3770,1981.6789360046387,0.04504721803534721,0.011252362728118904,0.004532377719879148,0.006394520998001097
3780,1983.9304394721985,0.08586270468631482,0.011249867677688605,0.004500753879547121,0.0064093899726867685
3790,1986.1670773029327,0.08917820142451091,0.011251231431961063,0.004503401517868042,0.006441440582275392
3800,1988.4012558460236,0.11635833206144071,0.014670436382293695,0.004504624605178831,0.00643328428268433
3810,1990.5853226184845,0.07592989135325752,0.011254845857620236,0.004522618055343626,0.00630580067634582
3820,1992.9142134189606,0.06949400870164482,0.012280051708221431,0.00453621864318848,0.00650476574897766
3830,1995.1992359161377,0.08122442085218609,0.011260592937469484,0.004513818025588983,0.006497980356216432
3840,1997.4832785129547,0.08595011837510355,0.017408820390701307,0.00450788378715515,0.0065011835098266624
3850,1999.7561824321747,0.05113199751638149,0.011210354566574095,0.0045006382465362545,0.006316380500793459
3860,2002.0121319293976,0.07605629901613611,0.011248183250427243,0.00450920343399048,0.006422454118728635
3870,2004.251529932022,0.06047975760272948,0.015393680334091175,0.004520567655563353,0.006505229473114013
3880,2006.496191740036,0.10372458463543807,0.01122655987739564,0.0045166754722595235,0.006546937227249143
3890,2008.6990642547607,0.07878489495603844,0.011254935264587401,0.004541785717010498,0.006425887346267698
3900,2010.9035258293152,0.06551987560021075,0.011276917457580572,0.00453388214111328,0.006384484767913821
3910,2013.1329953670502,0.06867872100522163,0.011264247894287118,0.0044925975799560555,0.006380313634872434
3920,2015.3747367858887,0.1658304612546317,0.011216568946838378,0.004509525299072267,0.00638556838035584
3930,2017.6458938121796,0.05695895810920319,0.011267075538635249,0.004553020000457768,0.006419016122817994
3940,2019.8499224185944,0.05384617814295325,0.022064205408096303,0.004520556926727297,0.0064192724227905285
3950,2022.0590772628784,0.05670061905516377,0.02197886347770691,0.004508898258209231,0.0063329350948333725
3960,2024.3231472969055,0.08858473455672992,0.011242804527282716,0.004487477540969847,0.006271319389343261
3970,2026.5013942718506,0.04581988413610816,0.011238015890121458,0.004502960443496704,0.006355838775634769
3980,2028.6997351646423,0.03848076997630869,0.011262996196746825,0.004512312412261963,0.006394670009613035
3990,2030.9218904972076,0.1428826127764978,0.011261440515518181,0.004532848596572878,0.006388150453567508
4000,2033.1124708652496,0.05719281127655904,0.011251298189163206,0.004478520154953007,0.006377592086791992
4010,2035.3556668758392,0.08347936674849735,0.011274281740188597,0.004501649141311646,0.006380438804626467
4020,2037.5806076526642,0.0801449153575959,0.011283340454101561,0.004525953531265259,0.006382632255554199
4030,2039.7534499168396,0.05259676782434326,0.01127008438110352,0.004519333839416501,0.006280933618545535
4040,2041.8327407836914,0.11901719415058096,0.01123456239700317,0.004509203433990477,0.006314512491226195
4050,2165.977735519409,0.10371420358470118,0.018609819412231447,0.004494501352310181,0.006297272443771364
4060,2168.157798051834,0.08531171658750691,0.011254885196685788,0.004517097473144531,0.006387500762939449
4070,2170.404860496521,0.049357893515866634,0.011251677274703982,0.00449514031410217,0.006320278644561769
4080,2172.56836104393,0.06116675610427365,0.011245818138122556,0.004493459463119508,0.006280957460403443
4090,2174.852728843689,0.058050258027606105,0.011245417594909666,0.004525077342987062,0.006491447687149052
4100,2177.1009814739227,0.08932300177687011,0.011240066289901731,0.004521787166595457,0.006548862457275391
4110,2179.544411420822,0.05329999542032056,0.011278026103973385,0.004516841173171999,0.006354078054428105
4120,2181.9224956035614,0.061797896371626845,0.014106657505035402,0.00454352378845215,0.006264367103576659
4130,2184.2044558525085,0.04808928685806677,0.025664720535278306,0.0045127940177917495,0.006353101730346683
4140,2186.7262392044067,0.07344668773830562,0.011249197721481323,0.004540641307830809,0.006479316949844357
4150,2188.911623239517,0.06009696440200969,0.011265306472778316,0.004496023654937743,0.006243076324462893
4160,2191.081465482712,0.03545935301945065,0.020140043497085574,0.004468666315078734,0.006185433864593506
4170,2193.83681845665,0.09130523354178877,0.011260275840759278,0.0045205426216125486,0.006330634355545042
4180,2196.0982127189636,0.06458742950135274,0.013157641887664792,0.004536943435668945,0.006367315053939821
4190,2198.2439012527466,0.03179530097756924,0.01126421451568604,0.004502875804901121,0.0062251865863800025
4200,2200.5032827854156,0.06485708204240836,0.011264837980270385,0.00459481954574585,0.006303395032882688
4210,2202.66743516922,0.06539325288395048,0.011275942325592045,0.004525181055068972,0.0061570930480957025
4220,2205.2345073223114,0.06910223494201091,0.011268612146377558,0.004490959644317627,0.006303195953369136
4230,2207.454773426056,0.05082814160382441,0.011238127946853632,0.00449249982833862,0.006296228170394896
4240,2209.7191817760468,0.08272830542631482,0.011269159317016593,0.004477204084396362,0.006322702169418335
4250,2212.603131055832,0.08438664911786872,0.011279050111770637,0.004531706571578981,0.0062956440448761015
4260,2214.7856233119965,0.051244400247151135,0.011226223707199097,0.004534835815429685,0.006216876506805418
4270,2217.9815332889557,0.030524901712692554,0.011278136968612674,0.004494643211364744,0.006277080774307252
4280,2220.532838344574,0.05115977202919453,0.011223665475845338,0.004475022554397584,0.0061840689182281515
4290,2222.691350221634,0.15007249202456024,0.011238309144973754,0.004501746892929077,0.006129174232482916
4300,2225.816772222519,0.052956940276249045,0.011256517171859739,0.0045249140262603755,0.006314367055892943
4310,2228.0744245052338,0.05595419973958542,0.011235328912734984,0.004470897912979126,0.006203018426895141
4320,2231.0379860401154,0.06236270670581234,0.011254090070724488,0.004500330686569213,0.006285306215286254
4330,2233.9026548862457,0.12076504734034188,0.012810882329940789,0.004496142864227294,0.006066347360610961
4340,2236.1000208854675,0.03191971013864077,0.011264135837554928,0.00448945164680481,0.0060649216175079354
4350,2238.9480259418488,0.09270893911179882,0.011239442825317381,0.004562660455703735,0.006194950342178345
4360,2241.215136051178,0.06485802531037735,0.011262567043304446,0.0045395541191101075,0.006220932006835939
4370,2243.690805912018,0.09750268749436372,0.013566927909851072,0.004476245641708372,0.006039695739746094
4380,2246.110428094864,0.12081292829857375,0.011256314516067508,0.0045204234123229995,0.006148597002029419
4390,2248.2760524749756,0.06604715002065405,0.011265251636505123,0.004524773359298707,0.006180371046066282
4400,2251.4153990745544,0.05746628329263785,0.01128989100456239,0.0044884300231933585,0.00651238203048706
4410,2253.952514886856,0.059893617357170116,0.011278252601623528,0.004532752037048341,0.006437902450561523
4420,2256.378666639328,0.021664794528032872,0.01124956250190735,0.004517734050750734,0.006261426210403445
4430,2258.5827219486237,0.07122839224554696,0.012282028198242183,0.004537415504455564,0.006041793823242191
4440,2260.8463571071625,0.12053264569030944,0.011255055665969849,0.004465067386627195,0.006254683732986449
4450,2263.055072069168,0.09192537176459155,0.011236736774444579,0.004505456686019896,0.006318099498748782
4460,2265.7248339653015,0.022899276091868613,0.011235736608505246,0.004511383771896362,0.006334136724472047
4470,2268.460446357727,0.06092156099768431,0.011238381862640385,0.0044788992404937765,0.006189469099044797
4480,2270.8678307533264,0.07120095733710059,0.011275892257690432,0.004513419866561891,0.0062888538837432865
4490,2273.462219953537,0.06062818488796893,0.011244020462036134,0.0045325100421905575,0.006262797117233279
4500,2275.8822798728943,0.05926891672313559,0.022320634126663207,0.0045119822025299116,0.006073968410491943
4510,2278.064455986023,0.06046819677238204,0.014666179418563841,0.0045150947570800765,0.006059529781341551
4520,2280.1841852664948,0.043482308676971115,0.011250848770141599,0.004506031274795533,0.006048010587692261
4530,2282.3676109313965,0.05705865044299117,0.015376077890396115,0.00449615478515625,0.006099107265472409
4540,2284.7949883937836,0.08677288108090124,0.011239768266677854,0.004531127214431765,0.006168011426925657
4550,2287.446938753128,0.029028294692079726,0.011249790191650394,0.004566839933395387,0.006177080869674679
4560,2289.7466502189636,0.10378868690714853,0.011242809295654296,0.004521417617797853,0.0061445212364196755
4570,2292.0743539333344,0.041558206759282255,0.01123462796211243,0.00449003338813782,0.00614948630332947
4580,2294.54137134552,0.02871245130410216,0.011279424428939814,0.004519087076187132,0.006327384710311893
4590,2296.7921104431152,0.09409226625173232,0.01130176544189453,0.004502145051956179,0.006318449974060059
4600,2299.149483680725,0.05984139620406381,0.011310970783233638,0.004545269012451173,0.006354397535324098
4610,2301.3527750968933,0.033976025897214865,0.021955232620239247,0.004519221782684325,0.006291242837905884
4620,2418.6358218193054,0.03580109282384001,0.011244244575500493,0.004540325403213504,0.006170490980148314
4630,2420.829859018326,0.04127534781345048,0.011253988742828371,0.004509358406066893,0.006179820299148561
4640,2422.9679565429688,0.05524723282204604,0.011237818002700807,0.004484674930572511,0.006142648458480835
4650,2425.1920886039734,0.05317736861097229,0.011264368295669553,0.004506150484085083,0.006353425979614261
4660,2427.4086062908173,0.058026324721242875,0.012519197463989263,0.004524176120758056,0.00628169298171997
4670,2429.5886957645416,0.040491851254137144,0.011281212568283072,0.004513522386550901,0.0061369264125824005
4680,2431.7436096668243,0.06987841196386171,0.01126115202903748,0.004500728845596313,0.0061287152767181404
4690,2433.893367767334,0.043158221009412044,0.0112558889389038,0.004505038261413576,0.005996419191360474
4700,2436.030070066452,0.03297554164853409,0.011252943277359005,0.004494595527648927,0.005975533723831179
4710,2438.1608130931854,0.06314974578700686,0.01125665068626404,0.004511336088180542,0.006144686937332155
4720,2440.4312546253204,0.04874967118082622,0.011246063709259041,0.0045287013053894026,0.006244214773178101
4730,2442.642920255661,0.05728714776003017,0.011260236501693723,0.004494147300720216,0.006069861650466923
4740,2444.8497245311737,0.05109263736615048,0.011244020462036134,0.004501514434814452,0.006279109716415406
4750,2447.074640750885,0.03156635667032788,0.011236104965209959,0.004505809545516972,0.006227217912673949
4760,2449.195286989212,0.07017753762077064,0.011236751079559333,0.00450737476348877,0.006069244146347047
4770,2451.5950696468353,0.04880686184266165,0.01126298666000366,0.00451973795890808,0.006129965782165526
4780,2453.898635149002,0.046025192031106596,0.01128716945648194,0.004494510889053343,0.006170775890350346
4790,2456.0458018779755,0.05915079821706468,0.01125327229499817,0.004495770931243896,0.006171653270721435
4800,2458.168603181839,0.023681638331731848,0.01123164892196655,0.004498075246810914,0.0060227799415588385
4810,2460.3323366642,0.08969721345556536,0.011258604526519781,0.004503855705261229,0.0061345374584197985
4820,2462.531989097595,0.12874941768661757,0.011256341934204092,0.004523172378540037,0.006334838867187498
4830,2464.723110437393,0.08304052958408761,0.011244550943374633,0.004539690017700196,0.006291792392730712
4840,2466.8868441581726,0.06639985513234023,0.020239400863647464,0.004545084238052369,0.006258705854415891
4850,2469.170510530472,0.025357439844083274,0.011261502504348755,0.004503241777420045,0.006238631010055542
4860,2471.340390920639,0.040722060136863546,0.011240404844284064,0.0045200967788696315,0.006214270591735841
4870,2473.5041286945343,0.050398419823704896,0.014105280637741089,0.004489647150039673,0.00620737910270691
4880,2476.1298484802246,0.030674722682078936,0.011259424686431886,0.004504818916320804,0.006173769235610963
4890,2479.24898147583,0.05660417083967104,0.012285319566726686,0.004503036737442017,0.006128096580505371
4900,2481.425940513611,0.07108154129666673,0.011257014274597167,0.004499464035034183,0.006216722726821897
4910,2483.62029004097,0.05659834730271882,0.01124531388282776,0.004510520696640012,0.006050260066986083
4920,2485.85041308403,0.08669382079538082,0.011227748394012452,0.004526717662811279,0.006011791229248045
4930,2487.9992332458496,0.0425923554481642,0.011276634931564337,0.004535083770751954,0.0060731256008148184
4940,2490.1978390216827,0.06198242579581006,0.011267228126525877,0.004530427455902098,0.006036189794540408
4950,2492.3277492523193,0.08736470613115443,0.011248651742935186,0.004508754014968871,0.006056928634643554
4960,2494.455495595932,0.03781755920321712,0.011258133649826047,0.004521070718765259,0.006027281284332277
4970,2496.571059703827,0.021737725977550325,0.01125853538513184,0.00450972318649292,0.006001436710357666
4980,2498.982720851898,0.12259370624097414,0.017370387315750118,0.004501806497573853,0.005985243320465091
4990,2501.1183609962463,0.054149613126270424,0.01125240683555603,0.004482079744338989,0.006105792522430422
5000,2503.6005897521973,0.04788217185218855,0.011251441240310668,0.004500054121017456,0.006065711975097652
5010,2506.280983686447,0.04119622368708633,0.011287903785705567,0.0045342326164245625,0.006290745735168454
5020,2508.517858505249,0.05970203885806313,0.024406580924987778,0.0044938790798187255,0.006056420803070069
5030,2510.6878592967987,0.054850770697704096,0.020146985054016117,0.004551639556884768,0.006126271486282353
5040,2512.8422362804413,0.05251039968086957,0.011229225397109983,0.00448935866355896,0.005961439609527586
5050,2514.9657118320465,0.09839281645818687,0.011271523237228393,0.0045014309883117665,0.006022347211837769
5060,2517.1754682064056,0.0484075389254549,0.011243947744369502,0.004534164667129515,0.006070883274078371
5070,2519.4277675151825,0.03776061354897138,0.011276792287826543,0.004550721645355223,0.006292113065719607
5080,2521.5913236141205,0.06271086086881042,0.016172080039978026,0.004543228149414063,0.006227787733078
5090,2523.710736513138,0.031102112328937892,0.011226990222930906,0.004470227956771852,0.005987284183502199
5100,2525.8332409858704,0.042015291655218334,0.011256483793258668,0.004537299871444702,0.006057655811309812
5110,2527.9770925045013,0.03963058586914485,0.015385112762451175,0.004529629945755005,0.006068944931030272
5120,2530.2380471229553,0.028478188026458157,0.01359845280647278,0.004521366357803345,0.006139303445816042
5130,2532.4580171108246,0.05733704192799109,0.01125809669494629,0.00452458143234253,0.006054693460464475
5140,2534.8018107414246,0.06244778988930193,0.011274440288543698,0.004522733688354495,0.006001164913177487
5150,2536.9103648662567,0.024090752375678905,0.021949590444564817,0.004525746107101443,0.005935829877853394
5160,2539.087764263153,0.0631961946557567,0.011259154081344605,0.004528933763504028,0.006036258935928344
5170,2541.285135746002,0.04316626982194975,0.011264095306396481,0.004503871202468869,0.006076385974884034
5180,2543.4752190113068,0.0519518031467328,0.011244232654571536,0.004481428861618043,0.006166901588439943
5190,2546.051110267639,0.03793715239158928,0.014651566743850703,0.004532376527786255,0.006135491132736202
5200,2660.955682516098,0.06121404410191644,0.015528959035873402,0.004511584043502808,0.00597070336341858
5210,2663.1369371414185,0.036282315719915914,0.011250759363174438,0.004530735015869139,0.006020284891128545
5220,2665.296536207199,0.034882374736491785,0.011256754398345946,0.004527198076248167,0.00597626805305481
5230,2667.3954133987427,0.05742849304434117,0.02152066469192506,0.004495069980621339,0.005988843441009523
5240,2669.5310564041138,0.10977443680853298,0.011270575523376465,0.004550558328628539,0.005970233678817749
5250,2671.6717398166656,0.02124556418453949,0.011258630752563477,0.004513431787490847,0.0060542285442352324
5260,2673.8701844215393,0.03545044844312315,0.011241543292999267,0.0045195996761322,0.006236557960510253
5270,2676.018085718155,0.032864669149598284,0.01281972527503967,0.004526798725128174,0.006100202798843382
5280,2678.1207706928253,0.0280233178839012,0.011264061927795409,0.004507176876068116,0.005996468067169189
5290,2680.308052778244,0.05058601108316907,0.011259208917617797,0.004494261741638179,0.005957996845245358
5300,2682.431171655655,0.05639143262712878,0.011245311498641972,0.004516327381134033,0.006054786443710324
5310,2684.5632343292236,0.046484456798834346,0.011241464614868163,0.004510406255722042,0.0060789680480957
5320,2686.6789684295654,0.046971614674805554,0.01122488617897033,0.00449074149131775,0.005995686054229737
5330,2688.8820843696594,0.03813967036097665,0.011233907938003542,0.0045139837265014675,0.006110183000564576
5340,2691.0079169273376,0.05141197455691895,0.0161731469631195,0.004525067806243895,0.006084214448928835
5350,2693.1375432014465,0.035161818547653184,0.01124093770980835,0.004512869119644164,0.0060573637485504175
5360,2695.2606344223022,0.07534340278370019,0.015894503593444832,0.004492280483245851,0.006026275157928468
5370,2697.4296674728394,0.0388483890509242,0.011277096271514896,0.004525649547576906,0.006290092468261721
5380,2699.635499715805,0.07856659172205764,0.011243580579757686,0.004532606601715089,0.006016007661819459
5390,2701.7868077754974,0.02628050538236266,0.011311788558959967,0.0045557808876037584,0.006012212038040161
5400,2703.9587185382843,0.04462890633723191,0.011251724958419796,0.004504878520965573,0.005983312129974366
5410,2706.113878965378,0.06750518020026129,0.024425901174545284,0.004521989822387697,0.005904494524002074
5420,2708.2076773643494,0.0318230566752909,0.021959458589553837,0.004515175819396975,0.00594488024711609
5430,2710.344567298889,0.05898071346624647,0.01413017272949218,0.004508224725723269,0.006054152250289916
5440,2712.795744895935,0.05013127294873811,0.011240463256835934,0.004494757652282715,0.005854817628860481
5450,2715.013172864914,0.04376547579779526,0.011263154745101929,0.0045016086101531995,0.006042100191116331
5460,2717.135293006897,0.03431376801025863,0.011225507259368897,0.0044875597953796375,0.006011499166488645
5470,2719.273838996887,0.02859950116736627,0.011267716884613045,0.004541523456573486,0.005985065698623655
5480,2721.378637313843,0.03690150074601206,0.011275609731674194,0.004496846199035646,0.005924870967864992
5490,2723.464512348175,0.029818382200056705,0.011235119104385375,0.004497789144515992,0.005893657207489016
5500,2725.5639016628265,0.05669159710370195,0.011234148740768429,0.004522334337234501,0.005852551460266114
5510,2727.6598172187805,0.1118925849167681,0.011259243488311773,0.004502363204956056,0.005950897932052611
5520,2729.8112523555756,0.04525511201647987,0.011264196634292603,0.004514229297637939,0.006170479059219363
5530,2731.944874048233,0.04001182701007337,0.011259829998016354,0.004527895450592037,0.0060428476333618175
5540,2734.050803422928,0.05421742926298521,0.020144071578979496,0.004489619731903081,0.006037346124649049
5550,2736.5532257556915,0.058340675786860176,0.011263276338577275,0.004541685581207273,0.006039409637451172
5560,2738.6871752738953,0.05317252726650849,0.011246687173843384,0.004531549215316774,0.0060836052894592315
5570,2740.8050649166107,0.08341619534829761,0.018639776706695563,0.004547811746597292,0.006000707149505612
5580,2742.917150735855,0.05641406236165949,0.011258944272994995,0.004540786743164062,0.005960355997085569
5590,2745.038771867752,0.04902838342865789,0.011253455877304077,0.004525655508041381,0.005911589860916138
5600,2747.165986776352,0.06818156897738277,0.011195414066314701,0.004500527381896975,0.005920950174331666
5610,2749.24867105484,0.04409676093877692,0.011226660013198853,0.004462267160415645,0.005856263637542723
5620,2751.3643641471863,0.043341361330028125,0.011276493072509757,0.0045255911350250266,0.0060456860065460204
5630,2753.484674692154,0.043853195449737085,0.011293499469757074,0.0044909179210662845,0.006082888841629026
5640,2755.6068925857544,0.025955387424290394,0.011259216070175168,0.004475692510604858,0.005791487693786625
5650,2757.6867475509644,0.04006909893639658,0.011273267269134525,0.0045444703102111815,0.005842932462692258
5660,2759.7890553474426,0.06375912069257765,0.012295953035354613,0.004505228996276852,0.005927637815475465
5670,2761.9050800800323,0.02845749541240252,0.013173441886901852,0.004513411521911618,0.005989092588424684
5680,2763.9911177158356,0.026757889313684245,0.01127073168754577,0.004505317211151119,0.00589327812194824
5690,2766.0786945819855,0.06733829196034187,0.01126312494277954,0.004545643329620362,0.00580997943878174
5700,2768.1717081069946,0.029697306002186223,0.01126494526863099,0.004495673179626467,0.005726374387741093
5710,2770.3785259723663,0.03267645847865379,0.011204634904861451,0.004466060400009153,0.005705217123031616
5720,2772.5441715717316,0.037265741385287016,0.01125286817550659,0.004507631063461305,0.005778419971466067
5730,2774.5924685001373,0.019830692980503502,0.011241123676300046,0.004505069255828856,0.005730162858963016
5740,2776.6628007888794,0.044254898759652404,0.011265391111373896,0.004495354890823363,0.0058366870880126945
5750,2778.795246362686,0.05815797154990173,0.01123867392539978,0.004498513936996462,0.005678399801254272
5760,2781.0139949321747,0.04503782371367816,0.01128070116043091,0.00453882098197937,0.005731970071792604
5770,2783.1571288108826,0.05747566703437883,0.011244770288467406,0.0045179808139801025,0.005842131376266482